app/build/intermediates/manifest_merge_blame_file/debug/manifest-merger-blame-debug-report.txt
1<?xml version="1.0" encoding="utf-8"?>
2<manifest xmlns:android="http://schemas.android.com/apk/res/android"
3    package="com.example.weshopapplication"
4    android:versionCode="1"
5    android:versionName="1.0" >
6
7    <uses-sdk
8        android:minSdkVersion="24"
8-->src/main/AndroidManifest.xml
9        android:targetSdkVersion="29" />
9-->src/main/AndroidManifest.xml
10
11    <uses-permission android:name="android.permission.ACCESS_FINE_LOCATION" />
11-->src/main/AndroidManifest.xml:6:5-79
11-->src/main/AndroidManifest.xml:6:22-76
12    <uses-permission android:name="android.permission.ACCESS_NOTIFICATION_POLICY" />
12-->src/main/AndroidManifest.xml:7:5-85
12-->src/main/AndroidManifest.xml:7:22-82
13    <uses-permission android:name="android.permission.ACCESS_COARSE_LOCATION" />
13-->src/main/AndroidManifest.xml:8:5-81
13-->src/main/AndroidManifest.xml:8:22-78
14    <uses-permission android:name="android.permission.ACCESS_NETWORK_STATE" />
14-->src/main/AndroidManifest.xml:9:5-79
14-->src/main/AndroidManifest.xml:9:22-76
15    <uses-permission android:name="android.permission.ACCESS_BACKGROUND_LOCATION" />
15-->src/main/AndroidManifest.xml:10:5-85
15-->src/main/AndroidManifest.xml:10:22-82
16    <uses-permission android:name="android.permission.INTERNET" />
16-->src/main/AndroidManifest.xml:11:5-67
16-->src/main/AndroidManifest.xml:11:22-64
17    <uses-permission android:name="android.permission.READ_EXTERNAL_STORAGE" />
17-->src/main/AndroidManifest.xml:12:5-80
17-->src/main/AndroidManifest.xml:12:22-77
18    <uses-permission android:name="android.permission.WRITE_EXTERNAL_STORAGE" />
18-->src/main/AndroidManifest.xml:13:5-81
18-->src/main/AndroidManifest.xml:13:22-78
19    <uses-permission android:name="android.permission.CAMERA" />
19-->src/main/AndroidManifest.xml:14:5-65
19-->src/main/AndroidManifest.xml:14:22-62
20    <uses-permission android:name="android.permission.WAKE_LOCK" /> <!-- Required by older versions of Google Play services to create IID tokens -->
20-->[com.google.android.gms:play-services-measurement-api:17.2.2] AndroidManifest.xml:24:5-68
20-->[com.google.android.gms:play-services-measurement-api:17.2.2] AndroidManifest.xml:24:22-65
21    <uses-permission android:name="com.google.android.c2dm.permission.RECEIVE" />
21-->[com.google.firebase:firebase-iid:20.1.0] AndroidManifest.xml:26:5-82
21-->[com.google.firebase:firebase-iid:20.1.0] AndroidManifest.xml:26:22-79
22    <uses-permission android:name="com.google.android.finsky.permission.BIND_GET_INSTALL_REFERRER_SERVICE" />
22-->[com.google.android.gms:play-services-measurement:17.2.2] AndroidManifest.xml:26:5-110
22-->[com.google.android.gms:play-services-measurement:17.2.2] AndroidManifest.xml:26:22-107
23
24    <application
24-->src/main/AndroidManifest.xml:16:5-51:19
25        android:allowBackup="true"
25-->src/main/AndroidManifest.xml:17:9-35
26        android:appComponentFactory="androidx.core.app.CoreComponentFactory"
26-->[androidx.core:core:1.1.0] AndroidManifest.xml:24:18-86
27        android:debuggable="true"
28        android:extractNativeLibs="false"
29        android:icon="@mipmap/ic_launcher"
29-->src/main/AndroidManifest.xml:18:9-43
30        android:label="@string/app_name"
30-->src/main/AndroidManifest.xml:19:9-41
31        android:roundIcon="@mipmap/ic_launcher_round"
31-->src/main/AndroidManifest.xml:20:9-54
32        android:supportsRtl="true"
32-->src/main/AndroidManifest.xml:21:9-35
33        android:testOnly="true"
34        android:theme="@style/AppTheme" >
34-->src/main/AndroidManifest.xml:22:9-40
35        <activity android:name="com.example.weshopapplication.ApplicationLayer.PaypalPaymentGateway" />
35-->src/main/AndroidManifest.xml:24:9-84
35-->src/main/AndroidManifest.xml:24:19-72
36        <activity android:name="com.example.weshopapplication.ApplicationLayer.DIYActivityTwo" />
36-->src/main/AndroidManifest.xml:25:9-69
36-->src/main/AndroidManifest.xml:25:19-66
37        <activity android:name="com.example.weshopapplication.ApplicationLayer.ClothingActivityTwo" />
37-->src/main/AndroidManifest.xml:26:9-74
37-->src/main/AndroidManifest.xml:26:19-71
38        <activity android:name="com.example.weshopapplication.ApplicationLayer.PaymentActivity" />
38-->src/main/AndroidManifest.xml:27:9-70
38-->src/main/AndroidManifest.xml:27:19-67
39        <activity android:name="com.example.weshopapplication.ApplicationLayer.CheckComplaints" />
39-->src/main/AndroidManifest.xml:28:9-70
39-->src/main/AndroidManifest.xml:28:19-67
40        <activity android:name="com.example.weshopapplication.ApplicationLayer.SubmitComplaint" />
40-->src/main/AndroidManifest.xml:29:9-70
40-->src/main/AndroidManifest.xml:29:19-67
41        <activity android:name="com.example.weshopapplication.ApplicationLayer.ContactUsActivity" />
41-->src/main/AndroidManifest.xml:30:9-72
41-->src/main/AndroidManifest.xml:30:19-69
42        <activity android:name="com.example.weshopapplication.ApplicationLayer.SportsAndOutdoorsActivityTwo" />
42-->src/main/AndroidManifest.xml:31:9-83
42-->src/main/AndroidManifest.xml:31:19-80
43        <activity android:name="com.example.weshopapplication.ApplicationLayer.TechActivityTwo" />
43-->src/main/AndroidManifest.xml:32:9-70
43-->src/main/AndroidManifest.xml:32:19-67
44        <activity android:name="com.example.weshopapplication.ApplicationLayer.BasketActivity" />
44-->src/main/AndroidManifest.xml:33:9-69
44-->src/main/AndroidManifest.xml:33:19-66
45        <activity android:name="com.example.weshopapplication.ApplicationLayer.LoginActivity" />
45-->src/main/AndroidManifest.xml:34:9-68
45-->src/main/AndroidManifest.xml:34:19-65
46        <activity android:name="com.example.weshopapplication.ApplicationLayer.DIYActivity" />
46-->src/main/AndroidManifest.xml:35:9-66
46-->src/main/AndroidManifest.xml:35:19-63
47        <activity android:name="com.example.weshopapplication.ApplicationLayer.ClothingCategory" />
47-->src/main/AndroidManifest.xml:36:9-71
47-->src/main/AndroidManifest.xml:36:19-68
48        <activity android:name="com.example.weshopapplication.ApplicationLayer.TechActivity" />
48-->src/main/AndroidManifest.xml:37:9-67
48-->src/main/AndroidManifest.xml:37:19-64
49        <activity android:name="com.example.weshopapplication.ApplicationLayer.SportsAndOutdoorsActivity" />
49-->src/main/AndroidManifest.xml:38:9-80
49-->src/main/AndroidManifest.xml:38:19-77
50        <activity android:name="com.example.weshopapplication.ApplicationLayer.RegisterActivity" />
50-->src/main/AndroidManifest.xml:39:9-71
50-->src/main/AndroidManifest.xml:39:19-68
51        <activity android:name="com.example.weshopapplication.ApplicationLayer.MainActivity" >
51-->src/main/AndroidManifest.xml:40:9-46:20
51-->src/main/AndroidManifest.xml:40:19-64
52            <intent-filter>
52-->src/main/AndroidManifest.xml:41:13-45:29
53                <action android:name="android.intent.action.MAIN" />
53-->src/main/AndroidManifest.xml:42:17-69
53-->src/main/AndroidManifest.xml:42:25-66
54
55                <category android:name="android.intent.category.LAUNCHER" />
55-->src/main/AndroidManifest.xml:44:17-77
55-->src/main/AndroidManifest.xml:44:27-74
56            </intent-filter>
57        </activity>
58
59        <meta-data
59-->src/main/AndroidManifest.xml:48:9-50:57
60            android:name="preloaded_fonts"
60-->src/main/AndroidManifest.xml:49:13-43
61            android:resource="@array/preloaded_fonts" />
61-->src/main/AndroidManifest.xml:50:13-54
62
63        <activity
63-->[com.google.firebase:firebase-auth:19.2.0] AndroidManifest.xml:24:9-31:50
64            android:name="com.google.firebase.auth.internal.FederatedSignInActivity"
64-->[com.google.firebase:firebase-auth:19.2.0] AndroidManifest.xml:25:13-85
65            android:excludeFromRecents="true"
65-->[com.google.firebase:firebase-auth:19.2.0] AndroidManifest.xml:26:13-46
66            android:exported="true"
66-->[com.google.firebase:firebase-auth:19.2.0] AndroidManifest.xml:27:13-36
67            android:launchMode="singleTask"
67-->[com.google.firebase:firebase-auth:19.2.0] AndroidManifest.xml:28:13-44
68            android:permission="com.google.firebase.auth.api.gms.permission.LAUNCH_FEDERATED_SIGN_IN"
68-->[com.google.firebase:firebase-auth:19.2.0] AndroidManifest.xml:29:13-102
69            android:theme="@android:style/Theme.Translucent.NoTitleBar" />
69-->[com.google.firebase:firebase-auth:19.2.0] AndroidManifest.xml:30:13-72
70
71        <service
71-->[com.google.firebase:firebase-auth:19.2.0] AndroidManifest.xml:33:9-39:19
72            android:name="com.google.firebase.components.ComponentDiscoveryService"
72-->[com.google.firebase:firebase-auth:19.2.0] AndroidManifest.xml:34:13-84
73            android:directBootAware="true"
73-->[com.google.firebase:firebase-common:19.3.0] AndroidManifest.xml:34:13-43
74            android:exported="false" >
74-->[com.google.firebase:firebase-auth:19.2.0] AndroidManifest.xml:35:13-37
75            <meta-data
75-->[com.google.firebase:firebase-auth:19.2.0] AndroidManifest.xml:36:13-38:85
76                android:name="com.google.firebase.components:com.google.firebase.auth.FirebaseAuthRegistrar"
76-->[com.google.firebase:firebase-auth:19.2.0] AndroidManifest.xml:37:17-109
77                android:value="com.google.firebase.components.ComponentRegistrar" />
77-->[com.google.firebase:firebase-auth:19.2.0] AndroidManifest.xml:38:17-82
78            <meta-data
78-->[com.google.firebase:firebase-messaging:20.1.1] AndroidManifest.xml:38:13-40:85
79                android:name="com.google.firebase.components:com.google.firebase.messaging.FirebaseMessagingRegistrar"
79-->[com.google.firebase:firebase-messaging:20.1.1] AndroidManifest.xml:39:17-119
80                android:value="com.google.firebase.components.ComponentRegistrar" />
80-->[com.google.firebase:firebase-messaging:20.1.1] AndroidManifest.xml:40:17-82
81            <meta-data
81-->[com.google.firebase:firebase-firestore:21.4.0] AndroidManifest.xml:20:13-22:85
82                android:name="com.google.firebase.components:com.google.firebase.firestore.FirestoreRegistrar"
82-->[com.google.firebase:firebase-firestore:21.4.0] AndroidManifest.xml:21:17-111
83                android:value="com.google.firebase.components.ComponentRegistrar" />
83-->[com.google.firebase:firebase-firestore:21.4.0] AndroidManifest.xml:22:17-82
84            <meta-data
84-->[com.google.android.gms:play-services-measurement-api:17.2.2] AndroidManifest.xml:30:13-32:85
85                android:name="com.google.firebase.components:com.google.firebase.analytics.connector.internal.AnalyticsConnectorRegistrar"
85-->[com.google.android.gms:play-services-measurement-api:17.2.2] AndroidManifest.xml:31:17-139
86                android:value="com.google.firebase.components.ComponentRegistrar" />
86-->[com.google.android.gms:play-services-measurement-api:17.2.2] AndroidManifest.xml:32:17-82
87            <meta-data
87-->[com.google.firebase:firebase-iid:20.1.0] AndroidManifest.xml:32:13-34:85
88                android:name="com.google.firebase.components:com.google.firebase.iid.Registrar"
88-->[com.google.firebase:firebase-iid:20.1.0] AndroidManifest.xml:33:17-96
89                android:value="com.google.firebase.components.ComponentRegistrar" />
89-->[com.google.firebase:firebase-iid:20.1.0] AndroidManifest.xml:34:17-82
90            <meta-data
90-->[com.google.firebase:firebase-datatransport:17.0.3] AndroidManifest.xml:28:13-30:85
91                android:name="com.google.firebase.components:com.google.firebase.datatransport.TransportRegistrar"
91-->[com.google.firebase:firebase-datatransport:17.0.3] AndroidManifest.xml:29:17-115
92                android:value="com.google.firebase.components.ComponentRegistrar" />
92-->[com.google.firebase:firebase-datatransport:17.0.3] AndroidManifest.xml:30:17-82
93            <meta-data
93-->[com.google.firebase:firebase-installations:16.0.0] AndroidManifest.xml:17:13-19:85
94                android:name="com.google.firebase.components:com.google.firebase.installations.FirebaseInstallationsRegistrar"
94-->[com.google.firebase:firebase-installations:16.0.0] AndroidManifest.xml:18:17-127
95                android:value="com.google.firebase.components.ComponentRegistrar" />
95-->[com.google.firebase:firebase-installations:16.0.0] AndroidManifest.xml:19:17-82
96        </service>
97        <!--
98             FirebaseMessagingService performs security checks at runtime,
99             but set to not exported to explicitly avoid allowing another app to call it.
100        -->
101        <service
101-->[com.google.firebase:firebase-messaging:20.1.1] AndroidManifest.xml:28:9-34:19
102            android:name="com.google.firebase.messaging.FirebaseMessagingService"
102-->[com.google.firebase:firebase-messaging:20.1.1] AndroidManifest.xml:29:13-82
103            android:exported="false" >
103-->[com.google.firebase:firebase-messaging:20.1.1] AndroidManifest.xml:30:13-37
104            <intent-filter android:priority="-500" >
104-->[com.google.firebase:firebase-messaging:20.1.1] AndroidManifest.xml:31:13-33:29
104-->[com.google.firebase:firebase-messaging:20.1.1] AndroidManifest.xml:31:28-51
105                <action android:name="com.google.firebase.MESSAGING_EVENT" />
105-->[com.google.firebase:firebase-messaging:20.1.1] AndroidManifest.xml:32:17-78
105-->[com.google.firebase:firebase-messaging:20.1.1] AndroidManifest.xml:32:25-75
106            </intent-filter>
107        </service>
108        <service
108-->[androidx.room:room-runtime:2.2.3] AndroidManifest.xml:25:9-27:40
109            android:name="androidx.room.MultiInstanceInvalidationService"
109-->[androidx.room:room-runtime:2.2.3] AndroidManifest.xml:26:13-74
110            android:exported="false" />
110-->[androidx.room:room-runtime:2.2.3] AndroidManifest.xml:27:13-37
111
112        <receiver
112-->[com.google.firebase:firebase-iid:20.1.0] AndroidManifest.xml:37:9-44:20
113            android:name="com.google.firebase.iid.FirebaseInstanceIdReceiver"
113-->[com.google.firebase:firebase-iid:20.1.0] AndroidManifest.xml:38:13-78
114            android:exported="true"
114-->[com.google.firebase:firebase-iid:20.1.0] AndroidManifest.xml:39:13-36
115            android:permission="com.google.android.c2dm.permission.SEND" >
115-->[com.google.firebase:firebase-iid:20.1.0] AndroidManifest.xml:40:13-73
116            <intent-filter>
116-->[com.google.firebase:firebase-iid:20.1.0] AndroidManifest.xml:41:13-43:29
117                <action android:name="com.google.android.c2dm.intent.RECEIVE" />
117-->[com.google.firebase:firebase-iid:20.1.0] AndroidManifest.xml:42:17-81
117-->[com.google.firebase:firebase-iid:20.1.0] AndroidManifest.xml:42:25-78
118            </intent-filter>
119        </receiver>
120
121        <activity
121-->[com.google.android.gms:play-services-base:17.1.0] AndroidManifest.xml:23:9-26:75
122            android:name="com.google.android.gms.common.api.GoogleApiActivity"
122-->[com.google.android.gms:play-services-base:17.1.0] AndroidManifest.xml:24:13-79
123            android:exported="false"
123-->[com.google.android.gms:play-services-base:17.1.0] AndroidManifest.xml:25:13-37
124            android:theme="@android:style/Theme.Translucent.NoTitleBar" />
124-->[com.google.android.gms:play-services-base:17.1.0] AndroidManifest.xml:26:13-72
125
126        <provider
126-->[com.google.firebase:firebase-common:19.3.0] AndroidManifest.xml:26:9-30:39
127            android:name="com.google.firebase.provider.FirebaseInitProvider"
127-->[com.google.firebase:firebase-common:19.3.0] AndroidManifest.xml:27:13-77
128            android:authorities="com.example.weshopapplication.firebaseinitprovider"
128-->[com.google.firebase:firebase-common:19.3.0] AndroidManifest.xml:28:13-72
129            android:exported="false"
129-->[com.google.firebase:firebase-common:19.3.0] AndroidManifest.xml:29:13-37
130            android:initOrder="100" />
130-->[com.google.firebase:firebase-common:19.3.0] AndroidManifest.xml:30:13-36
131
132        <receiver
132-->[com.google.android.gms:play-services-measurement:17.2.2] AndroidManifest.xml:29:9-33:20
133            android:name="com.google.android.gms.measurement.AppMeasurementReceiver"
133-->[com.google.android.gms:play-services-measurement:17.2.2] AndroidManifest.xml:30:13-85
134            android:enabled="true"
134-->[com.google.android.gms:play-services-measurement:17.2.2] AndroidManifest.xml:31:13-35
135            android:exported="false" >
135-->[com.google.android.gms:play-services-measurement:17.2.2] AndroidManifest.xml:32:13-37
136        </receiver>
137        <receiver
137-->[com.google.android.gms:play-services-measurement:17.2.2] AndroidManifest.xml:34:9-42:20
138            android:name="com.google.android.gms.measurement.AppMeasurementInstallReferrerReceiver"
138-->[com.google.android.gms:play-services-measurement:17.2.2] AndroidManifest.xml:35:13-100
139            android:enabled="true"
139-->[com.google.android.gms:play-services-measurement:17.2.2] AndroidManifest.xml:36:13-35
140            android:exported="true"
140-->[com.google.android.gms:play-services-measurement:17.2.2] AndroidManifest.xml:37:13-36
141            android:permission="android.permission.INSTALL_PACKAGES" >
141-->[com.google.android.gms:play-services-measurement:17.2.2] AndroidManifest.xml:38:13-69
142            <intent-filter>
142-->[com.google.android.gms:play-services-measurement:17.2.2] AndroidManifest.xml:39:13-41:29
143                <action android:name="com.android.vending.INSTALL_REFERRER" />
143-->[com.google.android.gms:play-services-measurement:17.2.2] AndroidManifest.xml:40:17-79
143-->[com.google.android.gms:play-services-measurement:17.2.2] AndroidManifest.xml:40:25-76
144            </intent-filter>
145        </receiver>
146
147        <service
147-->[com.google.android.gms:play-services-measurement:17.2.2] AndroidManifest.xml:44:9-47:40
148            android:name="com.google.android.gms.measurement.AppMeasurementService"
148-->[com.google.android.gms:play-services-measurement:17.2.2] AndroidManifest.xml:45:13-84
149            android:enabled="true"
149-->[com.google.android.gms:play-services-measurement:17.2.2] AndroidManifest.xml:46:13-35
150            android:exported="false" />
150-->[com.google.android.gms:play-services-measurement:17.2.2] AndroidManifest.xml:47:13-37
151        <service
151-->[com.google.android.gms:play-services-measurement:17.2.2] AndroidManifest.xml:48:9-52:72
152            android:name="com.google.android.gms.measurement.AppMeasurementJobService"
152-->[com.google.android.gms:play-services-measurement:17.2.2] AndroidManifest.xml:49:13-87
153            android:enabled="true"
153-->[com.google.android.gms:play-services-measurement:17.2.2] AndroidManifest.xml:50:13-35
154            android:exported="false"
154-->[com.google.android.gms:play-services-measurement:17.2.2] AndroidManifest.xml:51:13-37
155            android:permission="android.permission.BIND_JOB_SERVICE" />
155-->[com.google.android.gms:play-services-measurement:17.2.2] AndroidManifest.xml:52:13-69
156
157        <meta-data
157-->[com.google.android.gms:play-services-basement:17.0.0] AndroidManifest.xml:23:9-25:69
158            android:name="com.google.android.gms.version"
158-->[com.google.android.gms:play-services-basement:17.0.0] AndroidManifest.xml:24:13-58
159            android:value="@integer/google_play_services_version" />
159-->[com.google.android.gms:play-services-basement:17.0.0] AndroidManifest.xml:25:13-66
160
161        <service
161-->[com.google.android.datatransport:transport-backend-cct:2.2.0] AndroidManifest.xml:29:9-35:19
162            android:name="com.google.android.datatransport.runtime.backends.TransportBackendDiscovery"
162-->[com.google.android.datatransport:transport-backend-cct:2.2.0] AndroidManifest.xml:30:13-103
163            android:exported="false" >
163-->[com.google.android.datatransport:transport-backend-cct:2.2.0] AndroidManifest.xml:31:13-37
164            <meta-data
164-->[com.google.android.datatransport:transport-backend-cct:2.2.0] AndroidManifest.xml:32:13-34:39
165                android:name="backend:com.google.android.datatransport.cct.CctBackendFactory"
165-->[com.google.android.datatransport:transport-backend-cct:2.2.0] AndroidManifest.xml:33:17-94
166                android:value="cct" />
166-->[com.google.android.datatransport:transport-backend-cct:2.2.0] AndroidManifest.xml:34:17-36
167        </service>
168        <service
168-->[com.google.android.datatransport:transport-runtime:2.2.0] AndroidManifest.xml:26:9-30:19
169            android:name="com.google.android.datatransport.runtime.scheduling.jobscheduling.JobInfoSchedulerService"
169-->[com.google.android.datatransport:transport-runtime:2.2.0] AndroidManifest.xml:27:13-117
170            android:exported="false"
170-->[com.google.android.datatransport:transport-runtime:2.2.0] AndroidManifest.xml:28:13-37
171            android:permission="android.permission.BIND_JOB_SERVICE" >
171-->[com.google.android.datatransport:transport-runtime:2.2.0] AndroidManifest.xml:29:13-69
172        </service>
173
174        <receiver
174-->[com.google.android.datatransport:transport-runtime:2.2.0] AndroidManifest.xml:32:9-34:40
175            android:name="com.google.android.datatransport.runtime.scheduling.jobscheduling.AlarmManagerSchedulerBroadcastReceiver"
175-->[com.google.android.datatransport:transport-runtime:2.2.0] AndroidManifest.xml:33:13-132
176            android:exported="false" />
176-->[com.google.android.datatransport:transport-runtime:2.2.0] AndroidManifest.xml:34:13-37
177    </application>
178
179</manifest>